#
# There is insufficient memory for the Java Runtime Environment to continue.
# Native memory allocation (malloc) failed to allocate 101472 bytes for Chunk::new
# Possible reasons:
#   The system is out of physical RAM or swap space
#   The process is running with CompressedOops enabled, and the Java Heap may be blocking the growth of the native heap
# Possible solutions:
#   Reduce memory load on the system
#   Increase physical memory or swap space
#   Check if swap backing store is full
#   Decrease Java heap size (-Xmx/-Xms)
#   Decrease number of Java threads
#   Decrease Java thread stack sizes (-Xss)
#   Set larger code cache with -XX:ReservedCodeCacheSize=
#   JVM is running with Unscaled Compressed Oops mode in which the Java heap is
#     placed in the first 4GB address space. The Java Heap base address is the
#     maximum limit for the native heap growth. Please use -XX:HeapBaseMinAddress
#     to set the Java Heap base and to place the Java Heap above 4GB virtual address.
# This output file may be truncated or incomplete.
#
#  Out of Memory Error (./src/hotspot/share/memory/arena.cpp:197), pid=12324, tid=5528
#
# JRE version: OpenJDK Runtime Environment (11.0.8+10) (build 11.0.8+10-b944.6842174)
# Java VM: OpenJDK 64-Bit Server VM (11.0.8+10-b944.6842174, mixed mode, tiered, compressed oops, g1 gc, windows-amd64)
# No core dump will be written. Minidumps are not enabled by default on client versions of Windows
#

---------------  S U M M A R Y ------------

Command Line: --add-opens=java.base/java.util=ALL-UNNAMED --add-opens=java.base/java.lang=ALL-UNNAMED --add-opens=java.base/java.lang.invoke=ALL-UNNAMED --add-opens=java.prefs/java.util.prefs=ALL-UNNAMED -Xmx2048m -Dfile.encoding=UTF-8 -Duser.country=RU -Duser.language=ru -Duser.variant org.gradle.launcher.daemon.bootstrap.GradleDaemon 6.7.1

Host: AMD Ryzen 3 3200U with Radeon Vega Mobile Gfx  , 4 cores, 5G,  Windows 10 , 64 bit Build 19041 (10.0.19041.928)
Time: Wed May 26 09:37:04 2021 Центральная Азия (зима) elapsed time: 590 seconds (0d 0h 9m 50s)

---------------  T H R E A D  ---------------

Current thread (0x0000012143825000):  JavaThread "C2 CompilerThread0" daemon [_thread_in_native, id=5528, stack(0x0000001d3fe00000,0x0000001d3ff00000)]


Current CompileTask:
C2: 590438 15776       4       org.gradle.api.internal.artifacts.ModuleComponentSelectorSerializer::read (50 bytes)

Stack: [0x0000001d3fe00000,0x0000001d3ff00000]
Native frames: (J=compiled Java code, j=interpreted, Vv=VM code, C=native code)
V  [jvm.dll+0x5de50a]
V  [jvm.dll+0x7122f5]
V  [jvm.dll+0x71384d]
V  [jvm.dll+0x713f03]
V  [jvm.dll+0x23e728]
V  [jvm.dll+0xb899c]
V  [jvm.dll+0xb8e9c]
V  [jvm.dll+0xb8a98]
V  [jvm.dll+0x63a13c]
V  [jvm.dll+0x509394]
V  [jvm.dll+0x4f2f18]
V  [jvm.dll+0x4f576a]
V  [jvm.dll+0x4fe1a3]
V  [jvm.dll+0x4f78d0]
V  [jvm.dll+0x4fabc1]
V  [jvm.dll+0x4fa8eb]
V  [jvm.dll+0x4fa866]
V  [jvm.dll+0x4fa937]
V  [jvm.dll+0x4fa866]
V  [jvm.dll+0x502678]
V  [jvm.dll+0x1ff393]
V  [jvm.dll+0x1f917c]
V  [jvm.dll+0x1f685f]
V  [jvm.dll+0x17f32c]
V  [jvm.dll+0x205047]
V  [jvm.dll+0x203891]
V  [jvm.dll+0x6dad3f]
V  [jvm.dll+0x6d3895]
V  [jvm.dll+0x5dd4a6]
C  [ucrtbase.dll+0x21bb2]
C  [KERNEL32.DLL+0x17034]
C  [ntdll.dll+0x52651]


---------------  P R O C E S S  ---------------

Threads class SMR info:
_java_thread_list=0x000001214857ccf0, length=31, elements={
0x0000012127e1b800, 0x00000121437ed000, 0x00000121437f0800, 0x00000121441b3800,
0x0000012143823000, 0x0000012143825000, 0x0000012143827000, 0x000001214382e000,
0x00000121442e7800, 0x0000012144311800, 0x0000012145ce7000, 0x0000012145a29800,
0x0000012145940000, 0x0000012145c0b000, 0x0000012145c08800, 0x0000012145c05800,
0x000001214513d000, 0x000001214901c800, 0x0000012148ce4000, 0x0000012148ce7000,
0x0000012148ce5800, 0x0000012148ce8000, 0x0000012148ce2800, 0x0000012148ce6800,
0x0000012148ce9000, 0x0000012148ce3000, 0x0000012148ce9800, 0x0000012148cea800,
0x0000012148ce4800, 0x0000012148cf1000, 0x0000012148ced800
}

Java Threads: ( => current thread )
  0x0000012127e1b800 JavaThread "main" [_thread_blocked, id=3532, stack(0x0000001d3f300000,0x0000001d3f400000)]
  0x00000121437ed000 JavaThread "Reference Handler" daemon [_thread_blocked, id=12540, stack(0x0000001d3fa00000,0x0000001d3fb00000)]
  0x00000121437f0800 JavaThread "Finalizer" daemon [_thread_blocked, id=760, stack(0x0000001d3fb00000,0x0000001d3fc00000)]
  0x00000121441b3800 JavaThread "Signal Dispatcher" daemon [_thread_blocked, id=9700, stack(0x0000001d3fc00000,0x0000001d3fd00000)]
  0x0000012143823000 JavaThread "Attach Listener" daemon [_thread_blocked, id=3076, stack(0x0000001d3fd00000,0x0000001d3fe00000)]
=>0x0000012143825000 JavaThread "C2 CompilerThread0" daemon [_thread_in_native, id=5528, stack(0x0000001d3fe00000,0x0000001d3ff00000)]
  0x0000012143827000 JavaThread "C1 CompilerThread0" daemon [_thread_blocked, id=5916, stack(0x0000001d3ff00000,0x0000001d40000000)]
  0x000001214382e000 JavaThread "Sweeper thread" daemon [_thread_blocked, id=8816, stack(0x0000001d40000000,0x0000001d40100000)]
  0x00000121442e7800 JavaThread "Common-Cleaner" daemon [_thread_blocked, id=4192, stack(0x0000001d40100000,0x0000001d40200000)]
  0x0000012144311800 JavaThread "Service Thread" daemon [_thread_blocked, id=11980, stack(0x0000001d40200000,0x0000001d40300000)]
  0x0000012145ce7000 JavaThread "Daemon health stats" [_thread_blocked, id=4508, stack(0x0000001d40600000,0x0000001d40700000)]
  0x0000012145a29800 JavaThread "Incoming local TCP Connector on port 62146" [_thread_in_native, id=6384, stack(0x0000001d40800000,0x0000001d40900000)]
  0x0000012145940000 JavaThread "Daemon periodic checks" [_thread_blocked, id=4068, stack(0x0000001d40900000,0x0000001d40a00000)]
  0x0000012145c0b000 JavaThread "Cache worker for file hash cache (C:\Users\User\.gradle\caches\6.7.1\fileHashes)" [_thread_blocked, id=4028, stack(0x0000001d41300000,0x0000001d41400000)]
  0x0000012145c08800 JavaThread "File lock request listener" [_thread_in_native, id=2592, stack(0x0000001d41400000,0x0000001d41500000)]
  0x0000012145c05800 JavaThread "Cache worker for journal cache (C:\Users\User\.gradle\caches\journal-1)" [_thread_blocked, id=13064, stack(0x0000001d41500000,0x0000001d41600000)]
  0x000001214513d000 JavaThread "Cache worker for execution history cache (C:\Users\User\.gradle\caches\6.7.1\executionHistory)" [_thread_blocked, id=400, stack(0x0000001d42f00000,0x0000001d43000000)]
  0x000001214901c800 JavaThread "Cache worker for file content cache (C:\Users\User\.gradle\caches\6.7.1\fileContent)" [_thread_blocked, id=6476, stack(0x0000001d43000000,0x0000001d43100000)]
  0x0000012148ce4000 JavaThread "Memory manager" [_thread_blocked, id=11540, stack(0x0000001d49600000,0x0000001d49700000)]
  0x0000012148ce7000 JavaThread "Daemon Thread 3" [_thread_blocked, id=10480, stack(0x0000001d3f000000,0x0000001d3f100000)]
  0x0000012148ce5800 JavaThread "Handler for socket connection from /127.0.0.1:62146 to /127.0.0.1:62317" [_thread_in_native, id=2768, stack(0x0000001d3f100000,0x0000001d3f200000)]
  0x0000012148ce8000 JavaThread "Cancel handler" [_thread_blocked, id=12380, stack(0x0000001d3f200000,0x0000001d3f300000)]
  0x0000012148ce2800 JavaThread "Daemon worker Thread 3" [_thread_in_native, id=9916, stack(0x0000001d40a00000,0x0000001d40b00000)]
  0x0000012148ce6800 JavaThread "Asynchronous log dispatcher for DefaultDaemonConnection: socket connection from /127.0.0.1:62146 to /127.0.0.1:62317" [_thread_blocked, id=13272, stack(0x0000001d40b00000,0x0000001d40c00000)]
  0x0000012148ce9000 JavaThread "Stdin handler" [_thread_blocked, id=6948, stack(0x0000001d40c00000,0x0000001d40d00000)]
  0x0000012148ce3000 JavaThread "Thread-303" [_thread_blocked, id=7888, stack(0x0000001d40d00000,0x0000001d40e00000)]
  0x0000012148ce9800 JavaThread "Cache worker for file hash cache (C:\Users\User\AndroidStudioProjects\Weather\.gradle\6.7.1\fileHashes)" [_thread_blocked, id=11460, stack(0x0000001d40e00000,0x0000001d40f00000)]
  0x0000012148cea800 JavaThread "Cache worker for checksums cache (C:\Users\User\AndroidStudioProjects\Weather\.gradle\checksums)" [_thread_blocked, id=11424, stack(0x0000001d40f00000,0x0000001d41000000)]
  0x0000012148ce4800 JavaThread "Cache worker for cache directory md-supplier (C:\Users\User\.gradle\caches\6.7.1\md-supplier)" [_thread_blocked, id=2336, stack(0x0000001d41000000,0x0000001d41100000)]
  0x0000012148cf1000 JavaThread "Cache worker for cache directory md-rule (C:\Users\User\.gradle\caches\6.7.1\md-rule)" [_thread_blocked, id=3720, stack(0x0000001d41600000,0x0000001d41700000)]
  0x0000012148ced800 JavaThread "Cache worker for Build Output Cleanup Cache (C:\Users\User\AndroidStudioProjects\Weather\.gradle\buildOutputCleanup)" [_thread_blocked, id=2060, stack(0x0000001d41700000,0x0000001d41800000)]

Other Threads:
  0x00000121437e7000 VMThread "VM Thread" [stack: 0x0000001d3f900000,0x0000001d3fa00000] [id=5784]
  0x0000012144312800 WatcherThread [stack: 0x0000001d40300000,0x0000001d40400000] [id=9872]
  0x0000012127e33000 GCTaskThread "GC Thread#0" [stack: 0x0000001d3f400000,0x0000001d3f500000] [id=10376]
  0x0000012144943000 GCTaskThread "GC Thread#1" [stack: 0x0000001d40500000,0x0000001d40600000] [id=8468]
  0x000001214588e000 GCTaskThread "GC Thread#2" [stack: 0x0000001d41100000,0x0000001d41200000] [id=3516]
  0x0000012145ca1800 GCTaskThread "GC Thread#3" [stack: 0x0000001d41200000,0x0000001d41300000] [id=7984]
  0x0000012127e66000 ConcurrentGCThread "G1 Main Marker" [stack: 0x0000001d3f500000,0x0000001d3f600000] [id=1404]
  0x0000012127e69800 ConcurrentGCThread "G1 Conc#0" [stack: 0x0000001d3f600000,0x0000001d3f700000] [id=5420]
  0x0000012127eda800 ConcurrentGCThread "G1 Refine#0" [stack: 0x0000001d3f700000,0x0000001d3f800000] [id=1284]
  0x0000012127edb800 ConcurrentGCThread "G1 Young RemSet Sampling" [stack: 0x0000001d3f800000,0x0000001d3f900000] [id=4944]

Threads with active compile tasks:
C2 CompilerThread0 590481 15776       4       org.gradle.api.internal.artifacts.ModuleComponentSelectorSerializer::read (50 bytes)

VM state:not at safepoint (normal execution)

VM Mutex/Monitor currently owned by a thread: None

Heap address: 0x0000000080000000, size: 2048 MB, Compressed Oops mode: 32-bit
Narrow klass base: 0x0000000000000000, Narrow klass shift: 3
Compressed class space size: 1073741824 Address: 0x0000000100000000

Heap:
 garbage-first heap   total 172032K, used 143063K [0x0000000080000000, 0x0000000100000000)
  region size 1024K, 25 young (25600K), 1 survivors (1024K)
 Metaspace       used 119331K, capacity 122700K, committed 122908K, reserved 1157120K
  class space    used 14807K, capacity 15895K, committed 15948K, reserved 1048576K
Heap Regions: E=young(eden), S=young(survivor), O=old, HS=humongous(starts), HC=humongous(continues), CS=collection set, F=free, A=archive, TAMS=top-at-mark-start (previous, next)
|   0|0x0000000080000000, 0x0000000080100000, 0x0000000080100000|100%| O|  |TAMS 0x0000000080100000, 0x0000000080000000| Untracked 
|   1|0x0000000080100000, 0x0000000080200000, 0x0000000080200000|100%| O|  |TAMS 0x0000000080200000, 0x0000000080100000| Untracked 
|   2|0x0000000080200000, 0x0000000080300000, 0x0000000080300000|100%| O|  |TAMS 0x0000000080300000, 0x0000000080200000| Untracked 
|   3|0x0000000080300000, 0x0000000080400000, 0x0000000080400000|100%|HS|  |TAMS 0x0000000080400000, 0x0000000080300000| Complete 
|   4|0x0000000080400000, 0x0000000080500000, 0x0000000080500000|100%|HC|  |TAMS 0x0000000080500000, 0x0000000080400000| Complete 
|   5|0x0000000080500000, 0x0000000080600000, 0x0000000080600000|100%|HC|  |TAMS 0x0000000080600000, 0x0000000080500000| Complete 
|   6|0x0000000080600000, 0x0000000080700000, 0x0000000080700000|100%| O|  |TAMS 0x0000000080700000, 0x0000000080600000| Untracked 
|   7|0x0000000080700000, 0x0000000080800000, 0x0000000080800000|100%| O|  |TAMS 0x0000000080800000, 0x0000000080700000| Untracked 
|   8|0x0000000080800000, 0x0000000080900000, 0x0000000080900000|100%| O|  |TAMS 0x0000000080900000, 0x0000000080800000| Untracked 
|   9|0x0000000080900000, 0x0000000080a00000, 0x0000000080a00000|100%| O|  |TAMS 0x0000000080a00000, 0x0000000080900000| Untracked 
|  10|0x0000000080a00000, 0x0000000080b00000, 0x0000000080b00000|100%| O|  |TAMS 0x0000000080b00000, 0x0000000080a00000| Untracked 
|  11|0x0000000080b00000, 0x0000000080c00000, 0x0000000080c00000|100%| O|  |TAMS 0x0000000080c00000, 0x0000000080b00000| Untracked 
|  12|0x0000000080c00000, 0x0000000080d00000, 0x0000000080d00000|100%| O|  |TAMS 0x0000000080d00000, 0x0000000080c00000| Untracked 
|  13|0x0000000080d00000, 0x0000000080e00000, 0x0000000080e00000|100%| O|  |TAMS 0x0000000080e00000, 0x0000000080d00000| Untracked 
|  14|0x0000000080e00000, 0x0000000080f00000, 0x0000000080f00000|100%| O|  |TAMS 0x0000000080f00000, 0x0000000080e00000| Untracked 
|  15|0x0000000080f00000, 0x0000000081000000, 0x0000000081000000|100%| O|  |TAMS 0x0000000081000000, 0x0000000080f00000| Untracked 
|  16|0x0000000081000000, 0x0000000081100000, 0x0000000081100000|100%|HS|  |TAMS 0x0000000081100000, 0x0000000081000000| Complete 
|  17|0x0000000081100000, 0x0000000081200000, 0x0000000081200000|100%|HC|  |TAMS 0x0000000081200000, 0x0000000081100000| Complete 
|  18|0x0000000081200000, 0x0000000081300000, 0x0000000081300000|100%|HS|  |TAMS 0x0000000081300000, 0x0000000081200000| Complete 
|  19|0x0000000081300000, 0x0000000081400000, 0x0000000081400000|100%|HC|  |TAMS 0x0000000081400000, 0x0000000081300000| Complete 
|  20|0x0000000081400000, 0x0000000081500000, 0x0000000081500000|100%|HC|  |TAMS 0x0000000081500000, 0x0000000081400000| Complete 
|  21|0x0000000081500000, 0x0000000081600000, 0x0000000081600000|100%|HS|  |TAMS 0x0000000081600000, 0x0000000081500000| Complete 
|  22|0x0000000081600000, 0x0000000081700000, 0x0000000081700000|100%|HC|  |TAMS 0x0000000081700000, 0x0000000081600000| Complete 
|  23|0x0000000081700000, 0x0000000081800000, 0x0000000081800000|100%|HC|  |TAMS 0x0000000081800000, 0x0000000081700000| Complete 
|  24|0x0000000081800000, 0x0000000081900000, 0x0000000081900000|100%|HC|  |TAMS 0x0000000081900000, 0x0000000081800000| Complete 
|  25|0x0000000081900000, 0x0000000081a00000, 0x0000000081a00000|100%| O|  |TAMS 0x0000000081a00000, 0x0000000081900000| Untracked 
|  26|0x0000000081a00000, 0x0000000081b00000, 0x0000000081b00000|100%| O|  |TAMS 0x0000000081b00000, 0x0000000081a00000| Untracked 
|  27|0x0000000081b00000, 0x0000000081c00000, 0x0000000081c00000|100%| O|  |TAMS 0x0000000081c00000, 0x0000000081b00000| Untracked 
|  28|0x0000000081c00000, 0x0000000081d00000, 0x0000000081d00000|100%| O|  |TAMS 0x0000000081d00000, 0x0000000081c00000| Untracked 
|  29|0x0000000081d00000, 0x0000000081e00000, 0x0000000081e00000|100%| O|  |TAMS 0x0000000081e00000, 0x0000000081d00000| Untracked 
|  30|0x0000000081e00000, 0x0000000081f00000, 0x0000000081f00000|100%| O|  |TAMS 0x0000000081f00000, 0x0000000081e00000| Untracked 
|  31|0x0000000081f00000, 0x0000000082000000, 0x0000000082000000|100%|HS|  |TAMS 0x0000000082000000, 0x0000000081f00000| Complete 
|  32|0x0000000082000000, 0x0000000082100000, 0x0000000082100000|100%|HC|  |TAMS 0x0000000082100000, 0x0000000082000000| Complete 
|  33|0x0000000082100000, 0x0000000082200000, 0x0000000082200000|100%|HC|  |TAMS 0x0000000082200000, 0x0000000082100000| Complete 
|  34|0x0000000082200000, 0x0000000082300000, 0x0000000082300000|100%|HS|  |TAMS 0x0000000082300000, 0x0000000082200000| Complete 
|  35|0x0000000082300000, 0x0000000082400000, 0x0000000082400000|100%|HC|  |TAMS 0x0000000082400000, 0x0000000082300000| Complete 
|  36|0x0000000082400000, 0x0000000082500000, 0x0000000082500000|100%|HC|  |TAMS 0x0000000082500000, 0x0000000082400000| Complete 
|  37|0x0000000082500000, 0x0000000082600000, 0x0000000082600000|100%|HC|  |TAMS 0x0000000082600000, 0x0000000082500000| Complete 
|  38|0x0000000082600000, 0x0000000082700000, 0x0000000082700000|100%| O|  |TAMS 0x0000000082700000, 0x0000000082600000| Untracked 
|  39|0x0000000082700000, 0x0000000082800000, 0x0000000082800000|100%| O|  |TAMS 0x0000000082800000, 0x0000000082700000| Untracked 
|  40|0x0000000082800000, 0x0000000082900000, 0x0000000082900000|100%| O|  |TAMS 0x0000000082900000, 0x0000000082800000| Untracked 
|  41|0x0000000082900000, 0x0000000082a00000, 0x0000000082a00000|100%| O|  |TAMS 0x0000000082a00000, 0x0000000082900000| Untracked 
|  42|0x0000000082a00000, 0x0000000082b00000, 0x0000000082b00000|100%| O|  |TAMS 0x0000000082b00000, 0x0000000082a00000| Untracked 
|  43|0x0000000082b00000, 0x0000000082c00000, 0x0000000082c00000|100%| O|  |TAMS 0x0000000082c00000, 0x0000000082b00000| Untracked 
|  44|0x0000000082c00000, 0x0000000082d00000, 0x0000000082d00000|100%| O|  |TAMS 0x0000000082d00000, 0x0000000082c00000| Untracked 
|  45|0x0000000082d00000, 0x0000000082e00000, 0x0000000082e00000|100%| O|  |TAMS 0x0000000082e00000, 0x0000000082d00000| Untracked 
|  46|0x0000000082e00000, 0x0000000082f00000, 0x0000000082f00000|100%| O|  |TAMS 0x0000000082f00000, 0x0000000082e00000| Untracked 
|  47|0x0000000082f00000, 0x0000000083000000, 0x0000000083000000|100%| O|  |TAMS 0x0000000083000000, 0x0000000082f00000| Untracked 
|  48|0x0000000083000000, 0x0000000083100000, 0x0000000083100000|100%| O|  |TAMS 0x0000000083100000, 0x0000000083000000| Untracked 
|  49|0x0000000083100000, 0x0000000083200000, 0x0000000083200000|100%|HS|  |TAMS 0x0000000083200000, 0x0000000083100000| Complete 
|  50|0x0000000083200000, 0x0000000083300000, 0x0000000083300000|100%|HS|  |TAMS 0x0000000083300000, 0x0000000083200000| Complete 
|  51|0x0000000083300000, 0x0000000083400000, 0x0000000083400000|100%|HC|  |TAMS 0x0000000083400000, 0x0000000083300000| Complete 
|  52|0x0000000083400000, 0x0000000083500000, 0x0000000083500000|100%|HC|  |TAMS 0x0000000083500000, 0x0000000083400000| Complete 
|  53|0x0000000083500000, 0x0000000083600000, 0x0000000083600000|100%|HS|  |TAMS 0x0000000083600000, 0x0000000083500000| Complete 
|  54|0x0000000083600000, 0x0000000083700000, 0x0000000083700000|100%|HC|  |TAMS 0x0000000083700000, 0x0000000083600000| Complete 
|  55|0x0000000083700000, 0x0000000083800000, 0x0000000083800000|100%| O|  |TAMS 0x0000000083800000, 0x0000000083700000| Untracked 
|  56|0x0000000083800000, 0x0000000083900000, 0x0000000083900000|100%| O|  |TAMS 0x0000000083900000, 0x0000000083800000| Untracked 
|  57|0x0000000083900000, 0x0000000083a00000, 0x0000000083a00000|100%| O|  |TAMS 0x0000000083a00000, 0x0000000083900000| Untracked 
|  58|0x0000000083a00000, 0x0000000083b00000, 0x0000000083b00000|100%| O|  |TAMS 0x0000000083b00000, 0x0000000083a00000| Untracked 
|  59|0x0000000083b00000, 0x0000000083c00000, 0x0000000083c00000|100%| O|  |TAMS 0x0000000083c00000, 0x0000000083b00000| Untracked 
|  60|0x0000000083c00000, 0x0000000083d00000, 0x0000000083d00000|100%| O|  |TAMS 0x0000000083d00000, 0x0000000083c00000| Untracked 
|  61|0x0000000083d00000, 0x0000000083e00000, 0x0000000083e00000|100%| O|  |TAMS 0x0000000083e00000, 0x0000000083d00000| Untracked 
|  62|0x0000000083e00000, 0x0000000083f00000, 0x0000000083f00000|100%| O|  |TAMS 0x0000000083f00000, 0x0000000083e00000| Untracked 
|  63|0x0000000083f00000, 0x0000000084000000, 0x0000000084000000|100%| O|  |TAMS 0x0000000084000000, 0x0000000083f00000| Untracked 
|  64|0x0000000084000000, 0x0000000084100000, 0x0000000084100000|100%| O|  |TAMS 0x0000000084100000, 0x0000000084000000| Untracked 
|  65|0x0000000084100000, 0x0000000084200000, 0x0000000084200000|100%| O|  |TAMS 0x0000000084200000, 0x0000000084100000| Untracked 
|  66|0x0000000084200000, 0x0000000084300000, 0x0000000084300000|100%| O|  |TAMS 0x0000000084300000, 0x0000000084200000| Untracked 
|  67|0x0000000084300000, 0x0000000084400000, 0x0000000084400000|100%| O|  |TAMS 0x0000000084400000, 0x0000000084300000| Untracked 
|  68|0x0000000084400000, 0x0000000084500000, 0x0000000084500000|100%| O|  |TAMS 0x0000000084500000, 0x0000000084400000| Untracked 
|  69|0x0000000084500000, 0x0000000084600000, 0x0000000084600000|100%| O|  |TAMS 0x0000000084600000, 0x0000000084500000| Untracked 
|  70|0x0000000084600000, 0x0000000084700000, 0x0000000084700000|100%| O|  |TAMS 0x0000000084700000, 0x0000000084600000| Untracked 
|  71|0x0000000084700000, 0x0000000084800000, 0x0000000084800000|100%| O|  |TAMS 0x0000000084800000, 0x0000000084700000| Untracked 
|  72|0x0000000084800000, 0x0000000084900000, 0x0000000084900000|100%| O|  |TAMS 0x0000000084900000, 0x0000000084800000| Untracked 
|  73|0x0000000084900000, 0x0000000084a00000, 0x0000000084a00000|100%| O|  |TAMS 0x0000000084a00000, 0x0000000084900000| Untracked 
|  74|0x0000000084a00000, 0x0000000084b00000, 0x0000000084b00000|100%| O|  |TAMS 0x0000000084b00000, 0x0000000084a00000| Untracked 
|  75|0x0000000084b00000, 0x0000000084c00000, 0x0000000084c00000|100%| O|  |TAMS 0x0000000084c00000, 0x0000000084b00000| Untracked 
|  76|0x0000000084c00000, 0x0000000084d00000, 0x0000000084d00000|100%| O|  |TAMS 0x0000000084d00000, 0x0000000084c00000| Untracked 
|  77|0x0000000084d00000, 0x0000000084e00000, 0x0000000084e00000|100%| O|  |TAMS 0x0000000084e00000, 0x0000000084d00000| Untracked 
|  78|0x0000000084e00000, 0x0000000084f00000, 0x0000000084f00000|100%| O|  |TAMS 0x0000000084f00000, 0x0000000084e00000| Untracked 
|  79|0x0000000084f00000, 0x0000000085000000, 0x0000000085000000|100%| O|  |TAMS 0x0000000085000000, 0x0000000084f00000| Untracked 
|  80|0x0000000085000000, 0x0000000085000000, 0x0000000085100000|  0%| F|  |TAMS 0x0000000085000000, 0x0000000085000000| Untracked 
|  81|0x0000000085100000, 0x0000000085200000, 0x0000000085200000|100%| O|  |TAMS 0x0000000085200000, 0x0000000085100000| Untracked 
|  82|0x0000000085200000, 0x0000000085300000, 0x0000000085300000|100%| O|  |TAMS 0x0000000085300000, 0x0000000085200000| Untracked 
|  83|0x0000000085300000, 0x0000000085400000, 0x0000000085400000|100%| O|  |TAMS 0x0000000085300000, 0x0000000085300000| Untracked 
|  84|0x0000000085400000, 0x0000000085500000, 0x0000000085500000|100%| O|  |TAMS 0x0000000085500000, 0x0000000085400000| Untracked 
|  85|0x0000000085500000, 0x0000000085600000, 0x0000000085600000|100%| O|  |TAMS 0x0000000085600000, 0x0000000085500000| Untracked 
|  86|0x0000000085600000, 0x0000000085700000, 0x0000000085700000|100%| O|  |TAMS 0x0000000085700000, 0x0000000085600000| Untracked 
|  87|0x0000000085700000, 0x0000000085800000, 0x0000000085800000|100%| O|  |TAMS 0x0000000085800000, 0x0000000085700000| Untracked 
|  88|0x0000000085800000, 0x0000000085900000, 0x0000000085900000|100%| O|  |TAMS 0x0000000085900000, 0x0000000085800000| Untracked 
|  89|0x0000000085900000, 0x0000000085900000, 0x0000000085a00000|  0%| F|  |TAMS 0x0000000085900000, 0x0000000085900000| Untracked 
|  90|0x0000000085a00000, 0x0000000085b00000, 0x0000000085b00000|100%| O|  |TAMS 0x0000000085b00000, 0x0000000085a00000| Untracked 
|  91|0x0000000085b00000, 0x0000000085c00000, 0x0000000085c00000|100%| O|  |TAMS 0x0000000085c00000, 0x0000000085b00000| Untracked 
|  92|0x0000000085c00000, 0x0000000085d00000, 0x0000000085d00000|100%| O|  |TAMS 0x0000000085d00000, 0x0000000085c00000| Untracked 
|  93|0x0000000085d00000, 0x0000000085e00000, 0x0000000085e00000|100%| O|  |TAMS 0x0000000085e00000, 0x0000000085d00000| Untracked 
|  94|0x0000000085e00000, 0x0000000085f00000, 0x0000000085f00000|100%| O|  |TAMS 0x0000000085f00000, 0x0000000085e00000| Untracked 
|  95|0x0000000085f00000, 0x0000000086000000, 0x0000000086000000|100%| O|  |TAMS 0x0000000086000000, 0x0000000085f00000| Untracked 
|  96|0x0000000086000000, 0x0000000086100000, 0x0000000086100000|100%| O|  |TAMS 0x0000000086100000, 0x0000000086000000| Untracked 
|  97|0x0000000086100000, 0x0000000086200000, 0x0000000086200000|100%| O|  |TAMS 0x0000000086200000, 0x0000000086100000| Untracked 
|  98|0x0000000086200000, 0x0000000086300000, 0x0000000086300000|100%| O|  |TAMS 0x0000000086300000, 0x0000000086200000| Untracked 
|  99|0x0000000086300000, 0x0000000086400000, 0x0000000086400000|100%| O|  |TAMS 0x0000000086300000, 0x0000000086300000| Untracked 
| 100|0x0000000086400000, 0x0000000086500000, 0x0000000086500000|100%| O|  |TAMS 0x0000000086410e00, 0x0000000086400000| Untracked 
| 101|0x0000000086500000, 0x0000000086600000, 0x0000000086600000|100%| O|  |TAMS 0x0000000086500000, 0x0000000086500000| Untracked 
| 102|0x0000000086600000, 0x0000000086700000, 0x0000000086700000|100%| O|  |TAMS 0x0000000086700000, 0x0000000086600000| Untracked 
| 103|0x0000000086700000, 0x0000000086800000, 0x0000000086800000|100%| O|  |TAMS 0x0000000086800000, 0x0000000086700000| Untracked 
| 104|0x0000000086800000, 0x0000000086900000, 0x0000000086900000|100%| O|  |TAMS 0x0000000086900000, 0x0000000086800000| Untracked 
| 105|0x0000000086900000, 0x0000000086a00000, 0x0000000086a00000|100%| O|  |TAMS 0x0000000086a00000, 0x0000000086900000| Untracked 
| 106|0x0000000086a00000, 0x0000000086b00000, 0x0000000086b00000|100%| O|  |TAMS 0x0000000086b00000, 0x0000000086a00000| Untracked 
| 107|0x0000000086b00000, 0x0000000086c00000, 0x0000000086c00000|100%| O|  |TAMS 0x0000000086c00000, 0x0000000086b00000| Untracked 
| 108|0x0000000086c00000, 0x0000000086d00000, 0x0000000086d00000|100%| O|  |TAMS 0x0000000086d00000, 0x0000000086c00000| Untracked 
| 109|0x0000000086d00000, 0x0000000086e00000, 0x0000000086e00000|100%| O|  |TAMS 0x0000000086e00000, 0x0000000086d00000| Untracked 
| 110|0x0000000086e00000, 0x0000000086f00000, 0x0000000086f00000|100%| O|  |TAMS 0x0000000086f00000, 0x0000000086e00000| Untracked 
| 111|0x0000000086f00000, 0x0000000087000000, 0x0000000087000000|100%| O|  |TAMS 0x0000000087000000, 0x0000000086f00000| Untracked 
| 112|0x0000000087000000, 0x0000000087000000, 0x0000000087100000|  0%| F|  |TAMS 0x0000000087000000, 0x0000000087000000| Untracked 
| 113|0x0000000087100000, 0x0000000087200000, 0x0000000087200000|100%| O|  |TAMS 0x0000000087200000, 0x0000000087100000| Untracked 
| 114|0x0000000087200000, 0x0000000087300000, 0x0000000087300000|100%| O|  |TAMS 0x0000000087300000, 0x0000000087200000| Untracked 
| 115|0x0000000087300000, 0x0000000087400000, 0x0000000087400000|100%| O|  |TAMS 0x0000000087400000, 0x0000000087300000| Untracked 
| 116|0x0000000087400000, 0x0000000087500000, 0x0000000087500000|100%| O|  |TAMS 0x0000000087500000, 0x0000000087400000| Untracked 
| 117|0x0000000087500000, 0x0000000087600000, 0x0000000087600000|100%| O|  |TAMS 0x0000000087500000, 0x0000000087500000| Untracked 
| 118|0x0000000087600000, 0x0000000087700000, 0x0000000087700000|100%| O|  |TAMS 0x0000000087600000, 0x0000000087600000| Untracked 
| 119|0x0000000087700000, 0x00000000877c3400, 0x0000000087800000| 76%| O|  |TAMS 0x0000000087700000, 0x0000000087700000| Untracked 
| 120|0x0000000087800000, 0x0000000087800000, 0x0000000087900000|  0%| F|  |TAMS 0x0000000087800000, 0x0000000087800000| Untracked 
| 121|0x0000000087900000, 0x0000000087900000, 0x0000000087a00000|  0%| F|  |TAMS 0x0000000087900000, 0x0000000087900000| Untracked 
| 122|0x0000000087a00000, 0x0000000087a00000, 0x0000000087b00000|  0%| F|  |TAMS 0x0000000087a00000, 0x0000000087a00000| Untracked 
| 123|0x0000000087b00000, 0x0000000087b00000, 0x0000000087c00000|  0%| F|  |TAMS 0x0000000087b00000, 0x0000000087b00000| Untracked 
| 124|0x0000000087c00000, 0x0000000087c00000, 0x0000000087d00000|  0%| F|  |TAMS 0x0000000087c00000, 0x0000000087c00000| Untracked 
| 125|0x0000000087d00000, 0x0000000087d00000, 0x0000000087e00000|  0%| F|  |TAMS 0x0000000087d00000, 0x0000000087d00000| Untracked 
| 126|0x0000000087e00000, 0x0000000087e00000, 0x0000000087f00000|  0%| F|  |TAMS 0x0000000087e00000, 0x0000000087e00000| Untracked 
| 127|0x0000000087f00000, 0x0000000087f00000, 0x0000000088000000|  0%| F|  |TAMS 0x0000000087f00000, 0x0000000087f00000| Untracked 
| 128|0x0000000088000000, 0x0000000088000000, 0x0000000088100000|  0%| F|  |TAMS 0x0000000088000000, 0x0000000088000000| Untracked 
| 129|0x0000000088100000, 0x0000000088100000, 0x0000000088200000|  0%| F|  |TAMS 0x0000000088100000, 0x0000000088100000| Untracked 
| 130|0x0000000088200000, 0x0000000088200000, 0x0000000088300000|  0%| F|  |TAMS 0x0000000088200000, 0x0000000088200000| Untracked 
| 131|0x0000000088300000, 0x0000000088300000, 0x0000000088400000|  0%| F|  |TAMS 0x0000000088300000, 0x0000000088300000| Untracked 
| 132|0x0000000088400000, 0x0000000088400000, 0x0000000088500000|  0%| F|  |TAMS 0x0000000088400000, 0x0000000088400000| Untracked 
| 133|0x0000000088500000, 0x0000000088500000, 0x0000000088600000|  0%| F|  |TAMS 0x0000000088500000, 0x0000000088500000| Untracked 
| 134|0x0000000088600000, 0x0000000088600000, 0x0000000088700000|  0%| F|  |TAMS 0x0000000088600000, 0x0000000088600000| Untracked 
| 135|0x0000000088700000, 0x0000000088700000, 0x0000000088800000|  0%| F|  |TAMS 0x0000000088700000, 0x0000000088700000| Untracked 
| 136|0x0000000088800000, 0x0000000088800000, 0x0000000088900000|  0%| F|  |TAMS 0x0000000088800000, 0x0000000088800000| Untracked 
| 137|0x0000000088900000, 0x0000000088900000, 0x0000000088a00000|  0%| F|  |TAMS 0x0000000088900000, 0x0000000088900000| Untracked 
| 138|0x0000000088a00000, 0x0000000088a00000, 0x0000000088b00000|  0%| F|  |TAMS 0x0000000088a00000, 0x0000000088a00000| Untracked 
| 139|0x0000000088b00000, 0x0000000088b00000, 0x0000000088c00000|  0%| F|  |TAMS 0x0000000088b00000, 0x0000000088b00000| Untracked 
| 140|0x0000000088c00000, 0x0000000088c00000, 0x0000000088d00000|  0%| F|  |TAMS 0x0000000088c00000, 0x0000000088c00000| Untracked 
| 141|0x0000000088d00000, 0x0000000088d00000, 0x0000000088e00000|  0%| F|  |TAMS 0x0000000088d00000, 0x0000000088d00000| Untracked 
| 142|0x0000000088e00000, 0x0000000088e00000, 0x0000000088f00000|  0%| F|  |TAMS 0x0000000088e00000, 0x0000000088e00000| Untracked 
| 143|0x0000000088f00000, 0x0000000088f734c8, 0x0000000089000000| 45%| E|  |TAMS 0x0000000088f00000, 0x0000000088f00000| Complete 
| 144|0x0000000089000000, 0x0000000089100000, 0x0000000089100000|100%| E|  |TAMS 0x0000000089000000, 0x0000000089000000| Complete 
| 145|0x0000000089100000, 0x0000000089200000, 0x0000000089200000|100%| E|CS|TAMS 0x0000000089100000, 0x0000000089100000| Complete 
| 146|0x0000000089200000, 0x0000000089300000, 0x0000000089300000|100%| E|CS|TAMS 0x0000000089200000, 0x0000000089200000| Complete 
| 147|0x0000000089300000, 0x0000000089400000, 0x0000000089400000|100%| E|CS|TAMS 0x0000000089300000, 0x0000000089300000| Complete 
| 148|0x0000000089400000, 0x0000000089500000, 0x0000000089500000|100%| E|CS|TAMS 0x0000000089400000, 0x0000000089400000| Complete 
| 149|0x0000000089500000, 0x0000000089600000, 0x0000000089600000|100%| E|CS|TAMS 0x0000000089500000, 0x0000000089500000| Complete 
| 150|0x0000000089600000, 0x0000000089700000, 0x0000000089700000|100%| E|CS|TAMS 0x0000000089600000, 0x0000000089600000| Complete 
| 151|0x0000000089700000, 0x0000000089800000, 0x0000000089800000|100%| E|CS|TAMS 0x0000000089700000, 0x0000000089700000| Complete 
| 152|0x0000000089800000, 0x0000000089900000, 0x0000000089900000|100%| E|CS|TAMS 0x0000000089800000, 0x0000000089800000| Complete 
| 153|0x0000000089900000, 0x0000000089a00000, 0x0000000089a00000|100%| E|CS|TAMS 0x0000000089900000, 0x0000000089900000| Complete 
| 154|0x0000000089a00000, 0x0000000089b00000, 0x0000000089b00000|100%| E|CS|TAMS 0x0000000089a00000, 0x0000000089a00000| Complete 
| 155|0x0000000089b00000, 0x0000000089c00000, 0x0000000089c00000|100%| E|CS|TAMS 0x0000000089b00000, 0x0000000089b00000| Complete 
| 156|0x0000000089c00000, 0x0000000089d00000, 0x0000000089d00000|100%| E|CS|TAMS 0x0000000089c00000, 0x0000000089c00000| Complete 
| 157|0x0000000089d00000, 0x0000000089e00000, 0x0000000089e00000|100%| E|CS|TAMS 0x0000000089d00000, 0x0000000089d00000| Complete 
| 158|0x0000000089e00000, 0x0000000089f00000, 0x0000000089f00000|100%| E|CS|TAMS 0x0000000089e00000, 0x0000000089e00000| Complete 
| 159|0x0000000089f00000, 0x000000008a000000, 0x000000008a000000|100%| E|CS|TAMS 0x0000000089f00000, 0x0000000089f00000| Complete 
| 160|0x000000008a000000, 0x000000008a100000, 0x000000008a100000|100%| E|CS|TAMS 0x000000008a000000, 0x000000008a000000| Complete 
| 161|0x000000008a100000, 0x000000008a200000, 0x000000008a200000|100%| E|CS|TAMS 0x000000008a100000, 0x000000008a100000| Complete 
| 162|0x000000008a200000, 0x000000008a300000, 0x000000008a300000|100%| E|CS|TAMS 0x000000008a200000, 0x000000008a200000| Complete 
| 163|0x000000008a300000, 0x000000008a3f2a90, 0x000000008a400000| 94%| S|CS|TAMS 0x000000008a300000, 0x000000008a300000| Complete 
| 164|0x000000008a400000, 0x000000008a500000, 0x000000008a500000|100%| E|CS|TAMS 0x000000008a400000, 0x000000008a400000| Complete 
| 165|0x000000008a500000, 0x000000008a600000, 0x000000008a600000|100%| E|CS|TAMS 0x000000008a500000, 0x000000008a500000| Complete 
| 166|0x000000008a600000, 0x000000008a700000, 0x000000008a700000|100%| E|CS|TAMS 0x000000008a600000, 0x000000008a600000| Complete 
| 167|0x000000008a700000, 0x000000008a800000, 0x000000008a800000|100%| E|CS|TAMS 0x000000008a700000, 0x000000008a700000| Complete 

Card table byte_map: [0x000001213c9d0000,0x000001213cdd0000] _byte_map_base: 0x000001213c5d0000

Marking Bits (Prev, Next): (CMBitMap*) 0x0000012127e5d6b0, (CMBitMap*) 0x0000012127e5d678
 Prev Bits: [0x000001213f1d0000, 0x00000121411d0000)
 Next Bits: [0x000001213d1d0000, 0x000001213f1d0000)

Polling page: 0x0000012127f00000

Metaspace:

Usage:
  Non-class:    104.30 MB capacity,   102.07 MB ( 98%) used,     1.91 MB (  2%) free+waste,   326.38 KB ( <1%) overhead. 
      Class:     15.52 MB capacity,    14.46 MB ( 93%) used,   939.95 KB (  6%) free+waste,   147.50 KB ( <1%) overhead. 
       Both:    119.82 MB capacity,   116.53 MB ( 97%) used,     2.83 MB (  2%) free+waste,   473.88 KB ( <1%) overhead. 

Virtual space:
  Non-class space:      106.00 MB reserved,     104.45 MB ( 99%) committed 
      Class space:        1.00 GB reserved,      15.57 MB (  2%) committed 
             Both:        1.10 GB reserved,     120.03 MB ( 11%) committed 

Chunk freelists:
   Non-Class:  27.00 KB
       Class:  0 bytes
        Both:  27.00 KB

MaxMetaspaceSize: 17179869184.00 GB
CompressedClassSpaceSize: 1.00 GB

CodeHeap 'non-profiled nmethods': size=120064Kb used=9157Kb max_used=9157Kb free=110906Kb
 bounds [0x0000012134a60000, 0x0000012135360000, 0x000001213bfa0000]
CodeHeap 'profiled nmethods': size=120000Kb used=31105Kb max_used=31105Kb free=88894Kb
 bounds [0x000001212d530000, 0x000001212f3b0000, 0x0000012134a60000]
CodeHeap 'non-nmethods': size=5696Kb used=2357Kb max_used=2406Kb free=3338Kb
 bounds [0x000001212cfa0000, 0x000001212d210000, 0x000001212d530000]
 total_blobs=14783 nmethods=13803 adapters=890
 compilation: enabled
              stopped_count=0, restarted_count=0
 full_count=0

Compilation events (20 events):
Event: 589.858 Thread 0x0000012143827000 nmethod 15773 0x000001212f3a4110 code [0x000001212f3a42c0, 0x000001212f3a4488]
Event: 589.898 Thread 0x0000012143825000 15774       4       org.gradle.internal.component.external.model.AbstractLazyModuleComponentResolveMetadata::getModuleVersionId (5 bytes)
Event: 589.899 Thread 0x0000012143825000 nmethod 15774 0x000001213534eb10 code [0x000001213534eca0, 0x000001213534ed18]
Event: 590.254 Thread 0x0000012143825000 15775       4       org.gradle.api.internal.artifacts.ModuleComponentSelectorSerializer::readVersionConstraint (91 bytes)
Event: 590.271 Thread 0x0000012143827000 15778       3       org.gradle.internal.component.external.model.JavaEcosystemVariantDerivationStrategy::derive (150 bytes)
Event: 590.273 Thread 0x0000012143827000 nmethod 15778 0x000001212f3a4590 code [0x000001212f3a49c0, 0x000001212f3a6da8]
Event: 590.352 Thread 0x0000012143825000 nmethod 15775 0x000001213534ed90 code [0x000001213534f2c0, 0x00000121353519c0]
Event: 590.352 Thread 0x0000012143825000 15777       4       org.gradle.internal.component.external.model.AbstractVariantBackedConfigurationMetadata::getCapabilities (10 bytes)
Event: 590.356 Thread 0x0000012143825000 nmethod 15777 0x0000012135353690 code [0x0000012135353840, 0x0000012135353a78]
Event: 590.356 Thread 0x0000012143825000 15776       4       org.gradle.api.internal.artifacts.ModuleComponentSelectorSerializer::read (50 bytes)
Event: 590.390 Thread 0x0000012143827000 15779       3       org.gradle.api.internal.artifacts.ivyservice.ivyresolve.strategy.VersionParser$DefaultVersion::<init> (89 bytes)
Event: 590.391 Thread 0x0000012143827000 nmethod 15779 0x000001212f3a7990 code [0x000001212f3a7bc0, 0x000001212f3a85c8]
Event: 590.405 Thread 0x0000012143827000 15781       3       org.gradle.internal.component.external.descriptor.DefaultExclude::hashCode (73 bytes)
Event: 590.405 Thread 0x0000012143827000 nmethod 15781 0x000001212f3a8910 code [0x000001212f3a8b00, 0x000001212f3a8f78]
Event: 590.405 Thread 0x0000012143827000 15782       3       org.gradle.api.internal.artifacts.ivyservice.resolveengine.excludes.ModuleExclusions$$Lambda$328/0x0000000100698040::apply (12 bytes)
Event: 590.406 Thread 0x0000012143827000 nmethod 15782 0x000001212f3a9110 code [0x000001212f3a9340, 0x000001212f3a9ae8]
Event: 590.408 Thread 0x0000012143827000 15783       3       org.gradle.internal.component.external.descriptor.DefaultExclude::equals (91 bytes)
Event: 590.410 Thread 0x0000012143827000 nmethod 15783 0x000001212f3a9d90 code [0x000001212f3a9fc0, 0x000001212f3aa8d8]
Event: 590.410 Thread 0x0000012143827000 15784       3       com.google.common.collect.ImmutableSet::equals (50 bytes)
Event: 590.410 Thread 0x0000012143827000 nmethod 15784 0x000001212f3aab10 code [0x000001212f3aad20, 0x000001212f3ab488]

GC Heap History (20 events):
Event: 54.892 GC heap before
{Heap before GC invocations=42 (full 0):
 garbage-first heap   total 172032K, used 145842K [0x0000000080000000, 0x0000000100000000)
  region size 1024K, 39 young (39936K), 6 survivors (6144K)
 Metaspace       used 115930K, capacity 118929K, committed 119196K, reserved 1153024K
  class space    used 14474K, capacity 15503K, committed 15564K, reserved 1048576K
}
Event: 54.910 GC heap after
{Heap after GC invocations=43 (full 0):
 garbage-first heap   total 172032K, used 115708K [0x0000000080000000, 0x0000000100000000)
  region size 1024K, 4 young (4096K), 4 survivors (4096K)
 Metaspace       used 115930K, capacity 118929K, committed 119196K, reserved 1153024K
  class space    used 14474K, capacity 15503K, committed 15564K, reserved 1048576K
}
Event: 56.436 GC heap before
{Heap before GC invocations=43 (full 0):
 garbage-first heap   total 172032K, used 145404K [0x0000000080000000, 0x0000000100000000)
  region size 1024K, 34 young (34816K), 4 survivors (4096K)
 Metaspace       used 116252K, capacity 119367K, committed 119580K, reserved 1153024K
  class space    used 14501K, capacity 15581K, committed 15692K, reserved 1048576K
}
Event: 56.452 GC heap after
{Heap after GC invocations=44 (full 0):
 garbage-first heap   total 172032K, used 117261K [0x0000000080000000, 0x0000000100000000)
  region size 1024K, 2 young (2048K), 2 survivors (2048K)
 Metaspace       used 116252K, capacity 119367K, committed 119580K, reserved 1153024K
  class space    used 14501K, capacity 15581K, committed 15692K, reserved 1048576K
}
Event: 57.451 GC heap before
{Heap before GC invocations=45 (full 0):
 garbage-first heap   total 172032K, used 145933K [0x0000000080000000, 0x0000000100000000)
  region size 1024K, 31 young (31744K), 2 survivors (2048K)
 Metaspace       used 116909K, capacity 119925K, committed 120092K, reserved 1153024K
  class space    used 14548K, capacity 15611K, committed 15692K, reserved 1048576K
}
Event: 57.459 GC heap after
{Heap after GC invocations=46 (full 0):
 garbage-first heap   total 172032K, used 118233K [0x0000000080000000, 0x0000000100000000)
  region size 1024K, 3 young (3072K), 3 survivors (3072K)
 Metaspace       used 116909K, capacity 119925K, committed 120092K, reserved 1153024K
  class space    used 14548K, capacity 15611K, committed 15692K, reserved 1048576K
}
Event: 57.557 GC heap before
{Heap before GC invocations=46 (full 0):
 garbage-first heap   total 172032K, used 122329K [0x0000000080000000, 0x0000000100000000)
  region size 1024K, 8 young (8192K), 3 survivors (3072K)
 Metaspace       used 116960K, capacity 120034K, committed 120348K, reserved 1155072K
  class space    used 14555K, capacity 15625K, committed 15692K, reserved 1048576K
}
Event: 57.568 GC heap after
{Heap after GC invocations=47 (full 0):
 garbage-first heap   total 172032K, used 115329K [0x0000000080000000, 0x0000000100000000)
  region size 1024K, 1 young (1024K), 1 survivors (1024K)
 Metaspace       used 116960K, capacity 120034K, committed 120348K, reserved 1155072K
  class space    used 14555K, capacity 15625K, committed 15692K, reserved 1048576K
}
Event: 60.109 GC heap before
{Heap before GC invocations=47 (full 0):
 garbage-first heap   total 172032K, used 145025K [0x0000000080000000, 0x0000000100000000)
  region size 1024K, 31 young (31744K), 1 survivors (1024K)
 Metaspace       used 117049K, capacity 120101K, committed 120348K, reserved 1155072K
  class space    used 14564K, capacity 15626K, committed 15692K, reserved 1048576K
}
Event: 60.116 GC heap after
{Heap after GC invocations=48 (full 0):
 garbage-first heap   total 172032K, used 115815K [0x0000000080000000, 0x0000000100000000)
  region size 1024K, 2 young (2048K), 2 survivors (2048K)
 Metaspace       used 117049K, capacity 120101K, committed 120348K, reserved 1155072K
  class space    used 14564K, capacity 15626K, committed 15692K, reserved 1048576K
}
Event: 62.855 GC heap before
{Heap before GC invocations=49 (full 0):
 garbage-first heap   total 172032K, used 145511K [0x0000000080000000, 0x0000000100000000)
  region size 1024K, 32 young (32768K), 2 survivors (2048K)
 Metaspace       used 117220K, capacity 120269K, committed 120604K, reserved 1155072K
  class space    used 14555K, capacity 15589K, committed 15692K, reserved 1048576K
}
Event: 62.869 GC heap after
{Heap after GC invocations=50 (full 0):
 garbage-first heap   total 172032K, used 116671K [0x0000000080000000, 0x0000000100000000)
  region size 1024K, 2 young (2048K), 2 survivors (2048K)
 Metaspace       used 117220K, capacity 120269K, committed 120604K, reserved 1155072K
  class space    used 14555K, capacity 15589K, committed 15692K, reserved 1048576K
}
Event: 63.885 GC heap before
{Heap before GC invocations=50 (full 0):
 garbage-first heap   total 172032K, used 122815K [0x0000000080000000, 0x0000000100000000)
  region size 1024K, 8 young (8192K), 2 survivors (2048K)
 Metaspace       used 117240K, capacity 120269K, committed 120604K, reserved 1155072K
  class space    used 14556K, capacity 15589K, committed 15692K, reserved 1048576K
}
Event: 63.894 GC heap after
{Heap after GC invocations=51 (full 0):
 garbage-first heap   total 172032K, used 116100K [0x0000000080000000, 0x0000000100000000)
  region size 1024K, 1 young (1024K), 1 survivors (1024K)
 Metaspace       used 117240K, capacity 120269K, committed 120604K, reserved 1155072K
  class space    used 14556K, capacity 15589K, committed 15692K, reserved 1048576K
}
Event: 480.125 GC heap before
{Heap before GC invocations=51 (full 0):
 garbage-first heap   total 172032K, used 146820K [0x0000000080000000, 0x0000000100000000)
  region size 1024K, 31 young (31744K), 1 survivors (1024K)
 Metaspace       used 117565K, capacity 120741K, committed 120860K, reserved 1155072K
  class space    used 14577K, capacity 15622K, committed 15692K, reserved 1048576K
}
Event: 480.134 GC heap after
{Heap after GC invocations=52 (full 0):
 garbage-first heap   total 172032K, used 117116K [0x0000000080000000, 0x0000000100000000)
  region size 1024K, 2 young (2048K), 2 survivors (2048K)
 Metaspace       used 117565K, capacity 120741K, committed 120860K, reserved 1155072K
  class space    used 14577K, capacity 15622K, committed 15692K, reserved 1048576K
}
Event: 481.244 GC heap before
{Heap before GC invocations=53 (full 0):
 garbage-first heap   total 172032K, used 145788K [0x0000000080000000, 0x0000000100000000)
  region size 1024K, 31 young (31744K), 2 survivors (2048K)
 Metaspace       used 118049K, capacity 121276K, committed 121500K, reserved 1155072K
  class space    used 14624K, capacity 15720K, committed 15820K, reserved 1048576K
}
Event: 481.256 GC heap after
{Heap after GC invocations=54 (full 0):
 garbage-first heap   total 172032K, used 120426K [0x0000000080000000, 0x0000000100000000)
  region size 1024K, 4 young (4096K), 4 survivors (4096K)
 Metaspace       used 118049K, capacity 121276K, committed 121500K, reserved 1155072K
  class space    used 14624K, capacity 15720K, committed 15820K, reserved 1048576K
}
Event: 481.411 GC heap before
{Heap before GC invocations=54 (full 0):
 garbage-first heap   total 172032K, used 124522K [0x0000000080000000, 0x0000000100000000)
  region size 1024K, 8 young (8192K), 4 survivors (4096K)
 Metaspace       used 118256K, capacity 121431K, committed 121756K, reserved 1155072K
  class space    used 14643K, capacity 15726K, committed 15820K, reserved 1048576K
}
Event: 481.425 GC heap after
{Heap after GC invocations=55 (full 0):
 garbage-first heap   total 172032K, used 120535K [0x0000000080000000, 0x0000000100000000)
  region size 1024K, 1 young (1024K), 1 survivors (1024K)
 Metaspace       used 118256K, capacity 121431K, committed 121756K, reserved 1155072K
  class space    used 14643K, capacity 15726K, committed 15820K, reserved 1048576K
}

Deoptimization events (20 events):
Event: 518.403 Thread 0x0000012145ce7000 Uncommon trap: trap_request=0xffffffde fr.pc=0x000001213533dc20 relative=0x0000000000000100
Event: 518.403 Thread 0x0000012145ce7000 Uncommon trap: reason=class_check action=maybe_recompile pc=0x000001213533dc20 method=jdk.internal.misc.Unsafe.allocateUninitializedArray(Ljava/lang/Class;I)Ljava/lang/Object; @ 48 c2
Event: 518.403 Thread 0x0000012145ce7000 DEOPT PACKING pc=0x000001213533dc20 sp=0x0000001d406fe210
Event: 518.403 Thread 0x0000012145ce7000 DEOPT UNPACKING pc=0x000001212cfc74af sp=0x0000001d406fe198 mode 2
Event: 519.396 Thread 0x0000012145ce7000 Uncommon trap: trap_request=0xffffffde fr.pc=0x000001213533dc20 relative=0x0000000000000100
Event: 519.396 Thread 0x0000012145ce7000 Uncommon trap: reason=class_check action=maybe_recompile pc=0x000001213533dc20 method=jdk.internal.misc.Unsafe.allocateUninitializedArray(Ljava/lang/Class;I)Ljava/lang/Object; @ 48 c2
Event: 519.396 Thread 0x0000012145ce7000 DEOPT PACKING pc=0x000001213533dc20 sp=0x0000001d406fe210
Event: 519.396 Thread 0x0000012145ce7000 DEOPT UNPACKING pc=0x000001212cfc74af sp=0x0000001d406fe198 mode 2
Event: 519.397 Thread 0x0000012145ce7000 Uncommon trap: trap_request=0xffffffde fr.pc=0x000001213533dc20 relative=0x0000000000000100
Event: 519.397 Thread 0x0000012145ce7000 Uncommon trap: reason=class_check action=maybe_recompile pc=0x000001213533dc20 method=jdk.internal.misc.Unsafe.allocateUninitializedArray(Ljava/lang/Class;I)Ljava/lang/Object; @ 48 c2
Event: 519.397 Thread 0x0000012145ce7000 DEOPT PACKING pc=0x000001213533dc20 sp=0x0000001d406fe210
Event: 519.397 Thread 0x0000012145ce7000 DEOPT UNPACKING pc=0x000001212cfc74af sp=0x0000001d406fe198 mode 2
Event: 519.397 Thread 0x0000012145ce7000 Uncommon trap: trap_request=0xffffffde fr.pc=0x000001213533dc20 relative=0x0000000000000100
Event: 519.397 Thread 0x0000012145ce7000 Uncommon trap: reason=class_check action=maybe_recompile pc=0x000001213533dc20 method=jdk.internal.misc.Unsafe.allocateUninitializedArray(Ljava/lang/Class;I)Ljava/lang/Object; @ 48 c2
Event: 519.397 Thread 0x0000012145ce7000 DEOPT PACKING pc=0x000001213533dc20 sp=0x0000001d406fe210
Event: 519.397 Thread 0x0000012145ce7000 DEOPT UNPACKING pc=0x000001212cfc74af sp=0x0000001d406fe198 mode 2
Event: 589.854 Thread 0x0000012148ce2800 Uncommon trap: trap_request=0xffffffde fr.pc=0x00000121351b0698 relative=0x00000000000013f8
Event: 589.854 Thread 0x0000012148ce2800 Uncommon trap: reason=class_check action=maybe_recompile pc=0x00000121351b0698 method=org.gradle.cache.internal.LockOnDemandCrossProcessCacheAccess.incrementLockCount()V @ 97 c2
Event: 589.854 Thread 0x0000012148ce2800 DEOPT PACKING pc=0x00000121351b0698 sp=0x0000001d40af8390
Event: 589.854 Thread 0x0000012148ce2800 DEOPT UNPACKING pc=0x000001212cfc74af sp=0x0000001d40af83a0 mode 2

Classes redefined (0 events):
No events

Internal exceptions (20 events):
Event: 480.501 Thread 0x0000012148ce9000 Exception <a 'java/lang/NoSuchMethodError'{0x0000000089c069d8}: <clinit>> (0x0000000089c069d8) thrown at [./src/hotspot/share/prims/jni.cpp, line 1362]
Event: 480.501 Thread 0x0000012148ce9000 Exception <a 'java/lang/NoSuchMethodError'{0x0000000089c079f8}: <clinit>> (0x0000000089c079f8) thrown at [./src/hotspot/share/prims/jni.cpp, line 1362]
Event: 480.503 Thread 0x0000012148ce9000 Exception <a 'java/lang/NoSuchMethodError'{0x0000000089c2b540}: <clinit>> (0x0000000089c2b540) thrown at [./src/hotspot/share/prims/jni.cpp, line 1362]
Event: 480.508 Thread 0x0000012148ce9000 Exception <a 'java/lang/NoSuchMethodError'{0x0000000089c4fad8}: <clinit>> (0x0000000089c4fad8) thrown at [./src/hotspot/share/prims/jni.cpp, line 1362]
Event: 480.511 Thread 0x0000012148ce9000 Exception <a 'java/lang/NoSuchMethodError'{0x0000000089c63d08}: <clinit>> (0x0000000089c63d08) thrown at [./src/hotspot/share/prims/jni.cpp, line 1362]
Event: 480.724 Thread 0x0000012148ce6800 Implicit null exception at 0x0000012134cc78fe to 0x0000012134cc7a10
Event: 481.139 Thread 0x0000012148ce6800 Exception <a 'sun/nio/fs/WindowsException'{0x0000000088d157f8}> (0x0000000088d157f8) thrown at [./src/hotspot/share/prims/jni.cpp, line 615]
Event: 481.374 Thread 0x0000012148ce6800 Exception <a 'java/lang/NoSuchMethodError'{0x000000008a40e7a0}: <clinit>> (0x000000008a40e7a0) thrown at [./src/hotspot/share/prims/jni.cpp, line 1362]
Event: 481.454 Thread 0x0000012148ce9000 Exception <a 'java/lang/NoSuchMethodError'{0x000000008a7ddfd0}: <clinit>> (0x000000008a7ddfd0) thrown at [./src/hotspot/share/prims/jni.cpp, line 1362]
Event: 481.456 Thread 0x0000012148ce9000 Exception <a 'java/lang/NoSuchMethodError'{0x000000008a7e7d28}: <clinit>> (0x000000008a7e7d28) thrown at [./src/hotspot/share/prims/jni.cpp, line 1362]
Event: 481.471 Thread 0x0000012148ce6800 Exception <a 'java/lang/NoSuchMethodError'{0x000000008a60ab10}: 'java.lang.Object java.lang.invoke.Invokers$Holder.linkToTargetMethod(java.lang.Object, java.lang.Object, java.lang.Object, java.lang.Object, java.lang.Object, java.lang.Object, java.lang.Object, java.lang.Object)'> (0x000000008a60ab10) thrown at [./src/hotspot/share/interpreter/linkResolver.cpp, line 773]
Event: 481.472 Thread 0x0000012148ce9000 Exception <a 'java/lang/NoSuchMethodError'{0x000000008a69cac8}: <clinit>> (0x000000008a69cac8) thrown at [./src/hotspot/share/prims/jni.cpp, line 1362]
Event: 481.474 Thread 0x0000012148ce9000 Exception <a 'java/lang/NoSuchMethodError'{0x000000008a6b8bd8}: <clinit>> (0x000000008a6b8bd8) thrown at [./src/hotspot/share/prims/jni.cpp, line 1362]
Event: 481.474 Thread 0x0000012148ce9000 Exception <a 'java/lang/NoSuchMethodError'{0x000000008a6b9eb0}: <clinit>> (0x000000008a6b9eb0) thrown at [./src/hotspot/share/prims/jni.cpp, line 1362]
Event: 481.497 Thread 0x00000121450ee000 Exception <a 'java/lang/NoSuchMethodError'{0x000000008a4886e8}: <clinit>> (0x000000008a4886e8) thrown at [./src/hotspot/share/prims/jni.cpp, line 1362]
Event: 481.499 Thread 0x00000121450ee000 Exception <a 'java/lang/NoSuchMethodError'{0x000000008a4d45d8}: <clinit>> (0x000000008a4d45d8) thrown at [./src/hotspot/share/prims/jni.cpp, line 1362]
Event: 481.541 Thread 0x0000012148ce9000 Exception <a 'java/lang/NoSuchMethodError'{0x000000008a107290}: <clinit>> (0x000000008a107290) thrown at [./src/hotspot/share/prims/jni.cpp, line 1362]
Event: 481.658 Thread 0x0000012148ce9000 Exception <a 'java/lang/NoSuchMethodError'{0x000000008a08b2d8}: <clinit>> (0x000000008a08b2d8) thrown at [./src/hotspot/share/prims/jni.cpp, line 1362]
Event: 481.774 Thread 0x0000012148ce9000 Exception <a 'java/lang/NoSuchMethodError'{0x0000000089a07d30}: <clinit>> (0x0000000089a07d30) thrown at [./src/hotspot/share/prims/jni.cpp, line 1362]
Event: 481.780 Thread 0x0000012148ce9000 Exception <a 'java/lang/NoSuchMethodError'{0x0000000089a10c00}: <clinit>> (0x0000000089a10c00) thrown at [./src/hotspot/share/prims/jni.cpp, line 1362]

Events (20 events):
Event: 589.636 Executing VM operation: RevokeBias
Event: 589.636 Executing VM operation: RevokeBias done
Event: 589.637 Executing VM operation: RevokeBias
Event: 589.637 Executing VM operation: RevokeBias done
Event: 589.671 Thread 0x0000012148cea800 Thread added: 0x0000012148cea800
Event: 589.677 Thread 0x0000012148ce4800 Thread added: 0x0000012148ce4800
Event: 589.685 Thread 0x0000012148cf1000 Thread added: 0x0000012148cf1000
Event: 589.694 Executing VM operation: RevokeBias
Event: 589.722 Executing VM operation: RevokeBias done
Event: 589.722 Executing VM operation: RevokeBias
Event: 589.722 Executing VM operation: RevokeBias done
Event: 589.735 Executing VM operation: RevokeBias
Event: 589.735 Executing VM operation: RevokeBias done
Event: 589.735 Executing VM operation: RevokeBias
Event: 589.735 Executing VM operation: RevokeBias done
Event: 589.773 Executing VM operation: RevokeBias
Event: 589.773 Executing VM operation: RevokeBias done
Event: 589.773 Executing VM operation: RevokeBias
Event: 589.773 Executing VM operation: RevokeBias done
Event: 589.784 Thread 0x0000012148ced800 Thread added: 0x0000012148ced800


Dynamic libraries:
0x00007ff6677e0000 - 0x00007ff6677ea000 	C:\Program Files\Android\Android Studio\jre\bin\java.exe
0x00007ffd14470000 - 0x00007ffd14665000 	C:\WINDOWS\SYSTEM32\ntdll.dll
0x00007ffd12db0000 - 0x00007ffd12e6d000 	C:\WINDOWS\System32\KERNEL32.DLL
0x00007ffd11f30000 - 0x00007ffd121f8000 	C:\WINDOWS\System32\KERNELBASE.dll
0x00007ffd11cd0000 - 0x00007ffd11dd0000 	C:\WINDOWS\System32\ucrtbase.dll
0x00007ffd04f60000 - 0x00007ffd04f79000 	C:\Program Files\Android\Android Studio\jre\bin\jli.dll
0x00007ffd04f40000 - 0x00007ffd04f57000 	C:\Program Files\Android\Android Studio\jre\bin\VCRUNTIME140.dll
0x00007ffd14100000 - 0x00007ffd142a0000 	C:\WINDOWS\System32\USER32.dll
0x00007ffd11ca0000 - 0x00007ffd11cc2000 	C:\WINDOWS\System32\win32u.dll
0x00007ffd13ab0000 - 0x00007ffd13ada000 	C:\WINDOWS\System32\GDI32.dll
0x00007ffd12200000 - 0x00007ffd1230b000 	C:\WINDOWS\System32\gdi32full.dll
0x00007ffd11c00000 - 0x00007ffd11c9d000 	C:\WINDOWS\System32\msvcp_win.dll
0x00007ffd00e30000 - 0x00007ffd010ca000 	C:\WINDOWS\WinSxS\amd64_microsoft.windows.common-controls_6595b64144ccf1df_6.0.19041.844_none_ca00b6081b84eb1d\COMCTL32.dll
0x00007ffd12600000 - 0x00007ffd1269e000 	C:\WINDOWS\System32\msvcrt.dll
0x00007ffd13e90000 - 0x00007ffd13ec0000 	C:\WINDOWS\System32\IMM32.DLL
0x00007ffd04ea0000 - 0x00007ffd04f3d000 	C:\Program Files\Android\Android Studio\jre\bin\msvcp140.dll
0x00007ffcdcba0000 - 0x00007ffcdd65c000 	C:\Program Files\Android\Android Studio\jre\bin\server\jvm.dll
0x00007ffd12550000 - 0x00007ffd125fc000 	C:\WINDOWS\System32\ADVAPI32.dll
0x00007ffd12ad0000 - 0x00007ffd12b6b000 	C:\WINDOWS\System32\sechost.dll
0x00007ffd142a0000 - 0x00007ffd143cb000 	C:\WINDOWS\System32\RPCRT4.dll
0x00007ffd13fe0000 - 0x00007ffd13fe8000 	C:\WINDOWS\System32\PSAPI.DLL
0x00007ffd0d6f0000 - 0x00007ffd0d6f9000 	C:\WINDOWS\SYSTEM32\WSOCK32.dll
0x00007ffd09370000 - 0x00007ffd09397000 	C:\WINDOWS\SYSTEM32\WINMM.dll
0x00007ffd09360000 - 0x00007ffd0936a000 	C:\WINDOWS\SYSTEM32\VERSION.dll
0x00007ffd12e80000 - 0x00007ffd12eeb000 	C:\WINDOWS\System32\WS2_32.dll
0x00007ffd0fb00000 - 0x00007ffd0fb12000 	C:\WINDOWS\SYSTEM32\kernel.appcore.dll
0x00007ffd0bf50000 - 0x00007ffd0bf61000 	C:\Program Files\Android\Android Studio\jre\bin\verify.dll
0x00007ffd00070000 - 0x00007ffd00254000 	C:\WINDOWS\SYSTEM32\DBGHELP.DLL
0x00007ffcfc1f0000 - 0x00007ffcfc21c000 	C:\WINDOWS\SYSTEM32\dbgcore.DLL
0x00007ffd11dd0000 - 0x00007ffd11e50000 	C:\WINDOWS\System32\bcryptPrimitives.dll
0x00007ffd084b0000 - 0x00007ffd084d9000 	C:\Program Files\Android\Android Studio\jre\bin\java.dll
0x00007ffd0bf10000 - 0x00007ffd0bf1b000 	C:\Program Files\Android\Android Studio\jre\bin\jimage.dll
0x00007ffd0b5f0000 - 0x00007ffd0b608000 	C:\Program Files\Android\Android Studio\jre\bin\zip.dll
0x00007ffd13360000 - 0x00007ffd13aa2000 	C:\WINDOWS\System32\SHELL32.dll
0x00007ffd0fd00000 - 0x00007ffd10490000 	C:\WINDOWS\SYSTEM32\windows.storage.dll
0x00007ffd12770000 - 0x00007ffd12ac5000 	C:\WINDOWS\System32\combase.dll
0x00007ffd11550000 - 0x00007ffd1157c000 	C:\WINDOWS\SYSTEM32\Wldp.dll
0x00007ffd13ff0000 - 0x00007ffd1409e000 	C:\WINDOWS\System32\SHCORE.dll
0x00007ffd13ae0000 - 0x00007ffd13b35000 	C:\WINDOWS\System32\shlwapi.dll
0x00007ffd11af0000 - 0x00007ffd11b0f000 	C:\WINDOWS\SYSTEM32\profapi.dll
0x00007ffd0a1c0000 - 0x00007ffd0a1da000 	C:\Program Files\Android\Android Studio\jre\bin\net.dll
0x00007ffd08c30000 - 0x00007ffd08d3b000 	C:\WINDOWS\SYSTEM32\WINHTTP.dll
0x00007ffd112c0000 - 0x00007ffd1132a000 	C:\WINDOWS\system32\mswsock.dll
0x00007ffd07780000 - 0x00007ffd07794000 	C:\Program Files\Android\Android Studio\jre\bin\nio.dll
0x00007ffd04630000 - 0x00007ffd04656000 	C:\Users\User\.gradle\native\fdc75f09e3144964f2cf3f50f0aa648679c211496f362492102eb8c894070792\windows-amd64\native-platform.dll
0x00007ffce1d50000 - 0x00007ffce1ee1000 	C:\Users\User\.gradle\native\12488b8bf47d2d4c9fbf2f6322a914ad602e24e48041cd04a747c6da556b65c4\windows-amd64\native-platform-file-events.dll
0x00007ffd0abc0000 - 0x00007ffd0abca000 	C:\Program Files\Android\Android Studio\jre\bin\management.dll
0x00007ffd0a680000 - 0x00007ffd0a68c000 	C:\Program Files\Android\Android Studio\jre\bin\management_ext.dll
0x00007ffd114a0000 - 0x00007ffd114b8000 	C:\WINDOWS\SYSTEM32\CRYPTSP.dll
0x00007ffd10c60000 - 0x00007ffd10c94000 	C:\WINDOWS\system32\rsaenh.dll
0x00007ffd11f00000 - 0x00007ffd11f27000 	C:\WINDOWS\System32\bcrypt.dll
0x00007ffd11ab0000 - 0x00007ffd11ade000 	C:\WINDOWS\SYSTEM32\USERENV.dll
0x00007ffd11490000 - 0x00007ffd1149c000 	C:\WINDOWS\SYSTEM32\CRYPTBASE.dll
0x00007ffd10fb0000 - 0x00007ffd10feb000 	C:\WINDOWS\SYSTEM32\IPHLPAPI.DLL
0x00007ffd12e70000 - 0x00007ffd12e78000 	C:\WINDOWS\System32\NSI.dll
0x00007ffd06fd0000 - 0x00007ffd06fe7000 	C:\WINDOWS\SYSTEM32\dhcpcsvc6.DLL
0x00007ffd09190000 - 0x00007ffd091ad000 	C:\WINDOWS\SYSTEM32\dhcpcsvc.DLL
0x00007ffd10ff0000 - 0x00007ffd110bc000 	C:\WINDOWS\SYSTEM32\DNSAPI.dll
0x00007ffd070b0000 - 0x00007ffd070bb000 	C:\WINDOWS\SYSTEM32\WINNSI.DLL
0x00007ffd06f90000 - 0x00007ffd06fb7000 	C:\Program Files\Android\Android Studio\jre\bin\sunec.dll
0x00007ffd080c0000 - 0x00007ffd080ca000 	C:\Windows\System32\rasadhlp.dll
0x00007ffd076e0000 - 0x00007ffd0775f000 	C:\WINDOWS\System32\fwpuclnt.dll

dbghelp: loaded successfully - version: 4.0.5 - missing functions: none
symbol engine: initialized successfully - sym options: 0x614 - pdb path: .;C:\Program Files\Android\Android Studio\jre\bin;C:\WINDOWS\SYSTEM32;C:\WINDOWS\WinSxS\amd64_microsoft.windows.common-controls_6595b64144ccf1df_6.0.19041.844_none_ca00b6081b84eb1d;C:\Program Files\Android\Android Studio\jre\bin\server;C:\Users\User\.gradle\native\fdc75f09e3144964f2cf3f50f0aa648679c211496f362492102eb8c894070792\windows-amd64;C:\Users\User\.gradle\native\12488b8bf47d2d4c9fbf2f6322a914ad602e24e48041cd04a747c6da556b65c4\windows-amd64

VM Arguments:
jvm_args: --add-opens=java.base/java.util=ALL-UNNAMED --add-opens=java.base/java.lang=ALL-UNNAMED --add-opens=java.base/java.lang.invoke=ALL-UNNAMED --add-opens=java.prefs/java.util.prefs=ALL-UNNAMED -Xmx2048m -Dfile.encoding=UTF-8 -Duser.country=RU -Duser.language=ru -Duser.variant 
java_command: org.gradle.launcher.daemon.bootstrap.GradleDaemon 6.7.1
java_class_path (initial): C:\Users\User\.gradle\wrapper\dists\gradle-6.7.1-bin\bwlcbys1h7rz3272sye1xwiv6\gradle-6.7.1\lib\gradle-launcher-6.7.1.jar
Launcher Type: SUN_STANDARD

[Global flags]
     intx CICompilerCount                          = 3                                         {product} {ergonomic}
     uint ConcGCThreads                            = 1                                         {product} {ergonomic}
     uint G1ConcRefinementThreads                  = 4                                         {product} {ergonomic}
   size_t G1HeapRegionSize                         = 1048576                                   {product} {ergonomic}
    uintx GCDrainStackTargetSize                   = 64                                        {product} {ergonomic}
   size_t InitialHeapSize                          = 100663296                                 {product} {ergonomic}
   size_t MarkStackSize                            = 4194304                                   {product} {ergonomic}
   size_t MaxHeapSize                              = 2147483648                                {product} {command line}
   size_t MaxNewSize                               = 1287651328                                {product} {ergonomic}
   size_t MinHeapDeltaBytes                        = 1048576                                   {product} {ergonomic}
    uintx NonNMethodCodeHeapSize                   = 5830732                                {pd product} {ergonomic}
    uintx NonProfiledCodeHeapSize                  = 122913754                              {pd product} {ergonomic}
    uintx ProfiledCodeHeapSize                     = 122913754                              {pd product} {ergonomic}
    uintx ReservedCodeCacheSize                    = 251658240                              {pd product} {ergonomic}
     bool SegmentedCodeCache                       = true                                      {product} {ergonomic}
     bool UseCompressedClassPointers               = true                                 {lp64_product} {ergonomic}
     bool UseCompressedOops                        = true                                 {lp64_product} {ergonomic}
     bool UseG1GC                                  = true                                      {product} {ergonomic}
     bool UseLargePagesIndividualAllocation        = false                                  {pd product} {ergonomic}

Logging:
Log output configuration:
 #0: stdout all=warning uptime,level,tags
 #1: stderr all=off uptime,level,tags

Environment Variables:
PATH=D:\VMware\bin\;C:\WINDOWS\system32;C:\WINDOWS;C:\WINDOWS\System32\Wbem;C:\WINDOWS\System32\WindowsPowerShell\v1.0\;C:\WINDOWS\System32\OpenSSH\;C:\Program Files\Git\cmd;C:\Users\User\AppData\Local\Programs\Python\Python39;C:\Users\User\AppData\Local\Programs\Python\Python39\Scripts\;C:\Users\User\AppData\Local\Programs\Python\Python39\;C:\Users\User\AppData\Local\Microsoft\WindowsApps;C:\Users\User\AppData\Local\atom\bin
USERNAME=User
OS=Windows_NT
PROCESSOR_IDENTIFIER=AMD64 Family 23 Model 24 Stepping 1, AuthenticAMD



---------------  S Y S T E M  ---------------

OS: Windows 10 , 64 bit Build 19041 (10.0.19041.928)
OS uptime: 6 days 1:32 hours

CPU:total 4 (initial active 4) (4 cores per cpu, 2 threads per core) family 23 model 24 stepping 1, cmov, cx8, fxsr, mmx, sse, sse2, sse3, ssse3, sse4.1, sse4.2, popcnt, avx, avx2, aes, clmul, mmxext, 3dnowpref, lzcnt, sse4a, ht, tsc, tscinvbit, tscinv, bmi1, bmi2, adx, sha, fma

Memory: 4k page, system-wide physical 6082M (318M free)
TotalPageFile size 18082M (AvailPageFile size 31M)
current process WorkingSet (physical memory assigned to process): 337M, peak: 481M
current process commit charge ("private bytes"): 481M, peak: 512M

vm_info: OpenJDK 64-Bit Server VM (11.0.8+10-b944.6842174) for windows-amd64 JRE (11.0.8+10-b944.6842174), built on Sep 19 2020 01:11:42 by "builder" with MS VC++ 14.0 (VS2015)

END.
